Started Logging on Sun Mar 07 22:50:15 1999 
count,hh,mm,ss,AD1,AD2,AD3,AD4,IP1,IP2,IP3,IP4
000000,22,50,15,116,113,116,006,0,0,0,0
000001,22,50,15,116,113,118,006,0,0,0,0
000002,22,50,15,116,113,116,006,0,0,0,0
000003,22,50,15,116,113,116,006,0,0,0,0
000004,22,50,15,116,113,116,006,0,0,0,0
000005,22,50,15,117,116,116,006,0,0,0,0
000006,22,50,15,116,113,116,006,0,0,0,0
000007,22,50,15,116,113,116,006,0,0,0,0
000008,22,50,15,116,113,117,006,0,0,0,0
000009,22,50,15,116,113,119,006,0,0,0,0
000010,22,50,15,116,113,118,006,0,0,0,0
000011,22,50,15,116,113,118,006,0,0,0,0
000012,22,50,15,116,113,118,006,0,0,0,0
000013,22,50,15,116,113,118,006,0,0,0,0
000014,22,50,15,116,114,118,006,0,0,0,0
000015,22,50,15,116,113,117,006,0,0,0,0
000016,22,50,15,116,114,116,006,0,0,0,0
000017,22,50,15,116,114,119,006,0,0,0,0
000018,22,50,15,117,113,118,006,0,0,0,0
000019,22,50,15,116,113,118,006,0,0,0,0
000020,22,50,15,118,113,118,006,0,0,0,0
000021,22,50,15,116,113,119,007,0,0,0,0
000022,22,50,15,116,113,119,006,0,0,0,0
000023,22,50,15,116,113,118,006,0,0,0,0
000024,22,50,15,117,113,119,007,0,0,0,0
000025,22,50,15,116,113,118,006,0,0,0,0
000026,22,50,15,117,114,119,006,0,0,0,0
000027,22,50,15,116,114,121,006,0,0,0,0
000028,22,50,15,117,113,119,006,0,0,0,0
000029,22,50,15,116,113,118,006,0,0,0,0
000030,22,50,15,116,113,116,006,0,0,0,0
000031,22,50,15,116,113,117,006,0,0,0,0
000032,22,50,15,116,113,119,006,0,0,0,0
000033,22,50,15,117,113,118,006,0,0,0,0
000034,22,50,15,116,113,117,006,0,0,0,0
000035,22,50,15,116,113,117,006,0,0,0,0
000036,22,50,15,117,114,122,006,0,0,0,0
000037,22,50,15,116,113,118,007,0,0,0,0
000038,22,50,15,116,113,118,006,0,0,0,0
000039,22,50,15,118,113,118,006,0,0,0,0
000040,22,50,15,116,113,118,006,0,0,0,0
000041,22,50,15,116,113,117,006,0,0,0,0
000042,22,50,15,116,113,118,006,0,0,0,0
000043,22,50,15,116,114,118,006,0,0,0,0
000044,22,50,15,116,113,117,006,0,0,0,0
000045,22,50,15,116,113,118,006,0,0,0,0
000046,22,50,15,116,113,118,006,0,0,0,0
000047,22,50,15,116,114,119,006,0,0,0,0
000048,22,50,15,116,114,119,006,0,0,0,0
000049,22,50,15,116,114,118,006,0,0,0,0
000050,22,50,15,116,114,119,006,0,0,0,0
000051,22,50,15,120,114,119,006,0,0,0,0
000052,22,50,15,116,113,119,006,0,0,0,0
000053,22,50,15,116,113,119,006,0,0,0,0
000054,22,50,15,116,113,119,006,0,0,0,0
000055,22,50,15,118,113,119,006,0,0,0,0
000056,22,50,15,116,113,119,006,0,0,0,0
000057,22,50,15,116,113,119,006,0,0,0,0
000058,22,50,15,117,113,119,006,0,0,0,0
000059,22,50,15,117,113,118,006,0,0,0,0
000060,22,50,15,116,113,117,006,0,0,0,0
000061,22,50,15,116,113,119,006,0,0,0,0
000062,22,50,15,116,114,117,006,0,0,0,0
000063,22,50,15,116,115,116,006,0,0,0,0
000064,22,50,15,116,113,116,006,0,0,0,0
000065,22,50,15,116,113,116,006,0,0,0,0
000066,22,50,15,116,113,116,006,0,0,0,0
000067,22,50,15,117,116,116,006,0,0,0,0
000068,22,50,15,116,113,116,006,0,0,0,0
000069,22,50,15,116,113,118,006,0,0,0,0
000070,22,50,15,116,113,119,006,0,0,0,0
000071,22,50,15,116,113,119,006,0,0,0,0
000072,22,50,15,116,113,117,006,0,0,0,0
000073,22,50,15,116,113,119,006,0,0,0,0
000074,22,50,15,116,113,119,006,0,0,0,0
000075,22,50,15,115,113,118,006,0,0,0,0
000076,22,50,15,116,114,117,006,0,0,0,0
000077,22,50,15,116,114,119,006,0,0,0,0
000078,22,50,15,116,113,119,006,0,0,0,0
000079,22,50,15,116,113,121,006,0,0,0,0
000080,22,50,15,116,113,121,006,0,0,0,0
000081,22,50,15,116,113,119,006,0,0,0,0
000082,22,50,15,116,113,117,006,0,0,0,0
000083,22,50,15,116,114,121,006,0,0,0,0
000084,22,50,15,116,113,118,006,0,0,0,0
000085,22,50,15,116,113,118,006,0,0,0,0
000086,22,50,15,116,113,118,006,0,0,0,0
000087,22,50,15,116,113,120,006,0,0,0,0
000088,22,50,15,116,113,118,006,0,0,0,0
000089,22,50,15,116,113,118,006,0,0,0,0
000090,22,50,15,118,113,119,006,0,0,0,0
000091,22,50,15,116,114,119,006,0,0,0,0
000092,22,50,15,116,114,119,006,0,0,0,0
000093,22,50,15,116,113,117,006,0,0,0,0
000094,22,50,15,116,113,117,006,0,0,0,0
000095,22,50,15,116,114,118,006,0,0,0,0
000096,22,50,15,116,113,119,006,0,0,0,0
000097,22,50,15,116,113,118,006,0,0,0,0
000098,22,50,15,116,113,119,006,0,0,0,0
000099,22,50,15,116,113,119,006,0,0,0,0
updating time (100 readings since last time update)
000100,22,50,15,116,113,119,006,0,0,0,0
000101,22,50,15,116,114,119,006,0,0,0,0
000102,22,50,15,117,114,119,006,0,0,0,0
000103,22,50,15,116,113,119,006,0,0,0,0
000104,22,50,15,116,113,118,006,0,0,0,0
000105,22,50,15,116,113,119,006,0,0,0,0
000106,22,50,15,116,114,117,006,0,0,0,0
000107,22,50,15,116,113,116,006,0,0,0,0
000108,22,50,15,115,113,116,006,0,0,0,0
000109,22,50,15,115,113,117,006,0,0,0,0
000110,22,50,15,116,113,117,006,0,0,0,0
000111,22,50,15,115,113,117,006,0,0,0,0
000112,22,50,15,115,113,116,006,0,0,0,0
000113,22,50,15,115,113,118,006,0,0,0,0
000114,22,50,15,116,116,116,006,0,0,0,0
000115,22,50,15,115,113,116,006,0,0,0,0
000116,22,50,15,116,113,116,006,0,0,0,0
000117,22,50,15,116,113,117,006,0,0,0,0
000118,22,50,15,117,115,118,006,0,0,0,0
000119,22,50,15,116,113,118,006,0,0,0,0
000120,22,50,15,116,113,119,006,0,0,0,0
000121,22,50,15,116,113,119,006,0,0,0,0
000122,22,50,15,117,114,118,006,0,0,0,0
000123,22,50,15,116,113,117,006,0,0,0,0
000124,22,50,15,116,114,119,006,0,0,0,0
000125,22,50,15,116,114,121,007,0,0,0,0
000126,22,50,15,116,113,121,006,0,0,0,0
000127,22,50,15,116,113,116,006,0,0,0,0
000128,22,50,15,116,113,116,006,0,0,0,0
000129,22,50,15,116,113,116,006,0,0,0,0
000130,22,50,15,116,113,119,006,0,0,0,0
000131,22,50,15,116,113,116,006,0,0,0,0
000132,22,50,15,116,113,116,006,0,0,0,0
000133,22,50,15,116,113,117,006,0,0,0,0
000134,22,50,15,116,113,117,006,0,0,0,0
000135,22,50,15,116,113,116,006,0,0,0,0
000136,22,50,15,116,113,118,006,0,0,0,0
000137,22,50,15,116,113,119,006,0,0,0,0
000138,22,50,15,116,113,118,006,0,0,0,0
000139,22,50,15,116,113,118,006,0,0,0,0
000140,22,50,15,116,113,118,006,0,0,0,0
000141,22,50,15,116,113,119,006,0,0,0,0
000142,22,50,15,116,113,119,006,0,0,0,0
000143,22,50,15,116,113,116,006,0,0,0,0
000144,22,50,15,116,113,119,006,0,0,0,0
000145,22,50,15,116,113,119,006,0,0,0,0
000146,22,50,15,116,113,119,006,0,0,0,0
000147,22,50,15,116,113,118,006,0,0,0,0
000148,22,50,15,116,113,117,006,0,0,0,0
000149,22,50,15,116,114,119,006,0,0,0,0
000150,22,50,15,116,113,116,006,0,0,0,0
000151,22,50,15,115,113,116,006,0,0,0,0
000152,22,50,15,116,113,117,006,0,0,0,0
000153,22,50,15,117,113,116,006,0,0,0,0
000154,22,50,15,116,113,116,006,0,0,0,0
000155,22,50,15,116,113,116,006,0,0,0,0
000156,22,50,15,116,113,117,006,0,0,0,0
000157,22,50,15,116,113,117,006,0,0,0,0
000158,22,50,15,116,113,117,006,0,0,0,0
000159,22,50,15,116,113,119,006,0,0,0,0
000160,22,50,15,116,113,119,006,0,0,0,0
000161,22,50,15,116,114,119,006,0,0,0,0
000162,22,50,15,116,114,118,006,0,0,0,0
000163,22,50,15,116,114,118,006,0,0,0,0
000164,22,50,15,116,113,116,006,0,0,0,0
000165,22,50,15,117,115,116,006,0,0,0,0
000166,22,50,15,116,113,116,006,0,0,0,0
000167,22,50,15,116,113,116,006,0,0,0,0
000168,22,50,15,116,113,116,006,0,0,0,0
000169,22,50,15,117,113,117,006,0,0,0,0
000170,22,50,15,116,114,119,006,0,0,0,0
000171,22,50,15,116,113,119,006,0,0,0,0
000172,22,50,15,116,114,117,006,0,0,0,0
000173,22,50,15,118,114,118,006,0,0,0,0
000174,22,50,15,116,113,118,006,0,0,0,0
000175,22,50,15,116,113,117,006,0,0,0,0
000176,22,50,15,116,113,117,006,0,0,0,0
000177,22,50,15,117,117,118,006,0,0,0,0
000178,22,50,15,116,113,117,006,0,0,0,0
000179,22,50,15,116,113,117,006,0,0,0,0
000180,22,50,15,116,113,117,006,0,0,0,0
000181,22,50,15,117,114,118,006,0,0,0,0
000182,22,50,15,116,113,117,006,0,0,0,0
000183,22,50,15,116,113,116,006,0,0,0,0
000184,22,50,15,116,113,116,006,0,0,0,0
000185,22,50,15,117,114,116,006,0,0,0,0
000186,22,50,15,116,113,116,006,0,0,0,0
000187,22,50,15,116,113,118,006,0,0,0,0
000188,22,50,15,116,113,116,006,0,0,0,0
000189,22,50,15,116,113,119,006,0,0,0,0
000190,22,50,15,116,113,117,006,0,0,0,0
000191,22,50,15,116,113,118,006,0,0,0,0
000192,22,50,15,116,113,116,006,0,0,0,0
000193,22,50,15,117,114,130,006,0,0,0,0
000194,22,50,15,165,113,150,006,0,0,0,0
000195,22,50,15,116,113,118,006,0,0,0,0
000196,22,50,15,116,113,119,006,0,0,0,0
000197,22,50,15,116,113,119,006,0,0,0,0
000198,22,50,15,116,114,119,006,0,0,0,0
000199,22,50,15,116,113,119,006,0,0,0,0
updating time (100 readings since last time update)
000200,22,50,16,117,116,118,006,0,0,0,0
000201,22,50,16,116,113,116,006,0,0,0,0
000202,22,50,16,116,113,116,006,0,0,0,0
000203,22,50,16,116,114,118,006,0,0,0,0
000204,22,50,16,117,114,117,006,0,0,0,0
000205,22,50,16,116,113,119,006,0,0,0,0
000206,22,50,16,115,113,118,006,0,0,0,0
000207,22,50,16,116,113,119,006,0,0,0,0
000208,22,50,16,119,113,117,006,0,0,0,0
000209,22,50,16,115,113,117,006,0,0,0,0
000210,22,50,16,115,113,118,006,0,0,0,0
000211,22,50,16,116,113,118,006,0,0,0,0
000212,22,50,16,118,113,118,006,0,0,0,0
000213,22,50,16,116,113,118,007,0,0,0,0
000214,22,50,16,116,113,118,006,0,0,0,0
000215,22,50,16,116,113,118,006,0,0,0,0
000216,22,50,16,117,114,117,006,0,0,0,0
000217,22,50,16,116,113,118,006,0,0,0,0
000218,22,50,16,116,113,116,006,0,0,0,0
000219,22,50,16,116,113,116,006,0,0,0,0
000220,22,50,16,117,114,117,006,0,0,0,0
000221,22,50,16,116,113,118,006,0,0,0,0
000222,22,50,16,116,113,116,006,0,0,0,0
000223,22,50,16,116,113,116,006,0,0,0,0
000224,22,50,16,119,113,117,006,0,0,0,0
000225,22,50,16,116,113,118,006,0,0,0,0
000226,22,50,16,116,113,118,007,0,0,0,0
000227,22,50,16,116,113,119,006,0,0,0,0
000228,22,50,16,116,113,121,006,0,0,0,0
000229,22,50,16,116,113,117,006,0,0,0,0
000230,22,50,16,116,113,117,006,0,0,0,0
000231,22,50,16,116,113,118,006,0,0,0,0
000232,22,50,16,117,113,118,006,0,0,0,0
000233,22,50,16,116,113,119,006,0,0,0,0
000234,22,50,16,116,113,119,006,0,0,0,0
000235,22,50,16,116,113,119,006,0,0,0,0
000236,22,50,16,116,117,119,006,0,0,0,0
000237,22,50,16,116,113,119,006,0,0,0,0
000238,22,50,16,116,114,119,006,0,0,0,0
000239,22,50,16,116,114,118,006,0,0,0,0
000240,22,50,16,116,114,118,006,0,0,0,0
000241,22,50,16,116,113,119,006,0,0,0,0
000242,22,50,16,116,113,119,006,0,0,0,0
000243,22,50,16,116,113,119,006,0,0,0,0
000244,22,50,16,116,113,118,006,0,0,0,0
000245,22,50,16,117,113,119,006,0,0,0,0
000246,22,50,16,116,113,117,006,0,0,0,0
000247,22,50,16,116,113,116,006,0,0,0,0
000248,22,50,16,116,113,119,006,0,0,0,0
000249,22,50,16,116,113,117,006,0,0,0,0
000250,22,50,16,116,113,118,006,0,0,0,0
000251,22,50,16,116,113,118,006,0,0,0,0
000252,22,50,16,116,113,119,006,0,0,0,0
000253,22,50,16,116,113,119,006,0,0,0,0
000254,22,50,16,116,113,119,006,0,0,0,0
000255,22,50,16,116,113,118,006,0,0,0,0
000256,22,50,16,116,113,120,006,0,0,0,0
000257,22,50,16,116,113,117,006,0,0,0,0
000258,22,50,16,116,113,117,006,0,0,0,0
000259,22,50,16,116,113,117,006,0,0,0,0
000260,22,50,16,116,113,118,006,0,0,0,0
000261,22,50,16,116,113,118,006,0,0,0,0
000262,22,50,16,116,113,116,006,0,0,0,0
000263,22,50,16,116,113,117,006,0,0,0,0
000264,22,50,16,116,113,118,007,0,0,0,0
000265,22,50,16,116,114,119,006,0,0,0,0
000266,22,50,16,116,113,118,006,0,0,0,0
000267,22,50,16,118,113,116,006,0,0,0,0
000268,22,50,16,116,113,116,006,0,0,0,0
000269,22,50,16,116,113,116,006,0,0,0,0
000270,22,50,16,116,113,116,006,0,0,0,0
000271,22,50,16,116,113,117,006,0,0,0,0
000272,22,50,16,116,113,116,007,0,0,0,0
000273,22,50,16,116,114,116,006,0,0,0,0
000274,22,50,16,116,113,116,006,0,0,0,0
000275,22,50,16,116,113,116,006,0,0,0,0
000276,22,50,16,115,113,116,006,0,0,0,0
000277,22,50,16,115,113,118,006,0,0,0,0
000278,22,50,16,115,113,117,006,0,0,0,0
000279,22,50,16,118,113,119,006,0,0,0,0
000280,22,50,16,116,113,119,006,0,0,0,0
000281,22,50,16,116,113,120,006,0,0,0,0
000282,22,50,16,116,113,121,006,0,0,0,0
000283,22,50,16,118,113,121,006,0,0,0,0
000284,22,50,16,116,113,121,006,0,0,0,0
000285,22,50,16,116,113,119,006,0,0,0,0
000286,22,50,16,116,113,118,006,0,0,0,0
000287,22,50,16,119,113,117,006,0,0,0,0
000288,22,50,16,116,113,118,006,0,0,0,0
000289,22,50,16,116,113,117,006,0,0,0,0
000290,22,50,16,116,113,117,006,0,0,0,0
000291,22,50,16,116,113,119,006,0,0,0,0
000292,22,50,16,116,113,119,006,0,0,0,0
000293,22,50,16,116,113,119,006,0,0,0,0
000294,22,50,16,116,113,119,006,0,0,0,0
000295,22,50,16,117,113,120,006,0,0,0,0
000296,22,50,16,116,113,116,006,0,0,0,0
000297,22,50,16,116,113,117,006,0,0,0,0
000298,22,50,16,116,113,118,006,0,0,0,0
000299,22,50,16,117,114,118,006,0,0,0,0
updating time (100 readings since last time update)
000300,22,50,16,116,113,119,006,0,0,0,0
000301,22,50,16,116,113,117,006,0,0,0,0
000302,22,50,16,116,113,118,007,0,0,0,0
000303,22,50,16,116,113,116,006,0,0,0,0
000304,22,50,16,116,113,116,006,0,0,0,0
000305,22,50,16,116,113,115,006,0,0,0,0
000306,22,50,16,116,113,116,006,0,0,0,0
000307,22,50,16,116,113,117,006,0,0,0,0
000308,22,50,16,116,113,116,006,0,0,0,0
000309,22,50,16,116,113,117,006,0,0,0,0
000310,22,50,16,116,113,118,006,0,0,0,0
000311,22,50,16,117,113,120,006,0,0,0,0
000312,22,50,16,116,113,119,006,0,0,0,0
000313,22,50,16,115,113,117,006,0,0,0,0
000314,22,50,16,116,113,119,006,0,0,0,0
000315,22,50,16,117,113,119,006,0,0,0,0
000316,22,50,16,116,113,121,006,0,0,0,0
000317,22,50,16,116,113,119,006,0,0,0,0
000318,22,50,16,116,113,117,006,0,0,0,0
000319,22,50,16,116,113,119,006,0,0,0,0
000320,22,50,16,116,113,118,006,0,0,0,0
000321,22,50,16,116,113,117,006,0,0,0,0
000322,22,50,16,118,113,116,006,0,0,0,0
000323,22,50,16,116,113,116,006,0,0,0,0
000324,22,50,16,116,113,118,006,0,0,0,0
000325,22,50,16,116,113,117,006,0,0,0,0
000326,22,50,16,116,113,119,006,0,0,0,0
000327,22,50,16,116,113,118,006,0,0,0,0
000328,22,50,16,116,113,116,006,0,0,0,0
000329,22,50,16,116,113,116,006,0,0,0,0
000330,22,50,16,116,113,116,006,0,0,0,0
000331,22,50,16,116,113,116,006,0,0,0,0
000332,22,50,16,116,113,116,006,0,0,0,0
000333,22,50,16,116,113,116,006,0,0,0,0
000334,22,50,16,119,113,116,006,0,0,0,0
000335,22,50,16,116,113,117,006,0,0,0,0
000336,22,50,16,116,113,118,006,0,0,0,0
000337,22,50,16,116,113,116,006,0,0,0,0
000338,22,50,16,118,113,118,006,0,0,0,0
000339,22,50,16,116,113,118,006,0,0,0,0
000340,22,50,16,116,113,118,006,0,0,0,0
000341,22,50,16,116,113,118,006,0,0,0,0
000342,22,50,16,117,121,116,006,0,0,0,0
000343,22,50,16,116,113,116,006,0,0,0,0
000344,22,50,16,116,113,116,006,0,0,0,0
000345,22,50,16,116,113,116,006,0,0,0,0
000346,22,50,16,116,114,116,006,0,0,0,0
000347,22,50,16,116,113,118,006,0,0,0,0
000348,22,50,16,116,113,116,006,0,0,0,0
000349,22,50,16,116,113,116,006,0,0,0,0
000350,22,50,16,119,113,116,006,0,0,0,0
000351,22,50,16,116,113,118,006,0,0,0,0
000352,22,50,16,116,113,116,006,0,0,0,0
000353,22,50,16,116,114,118,007,0,0,0,0
000354,22,50,16,116,114,121,006,0,0,0,0
000355,22,50,16,116,113,117,006,0,0,0,0
000356,22,50,16,116,113,116,006,0,0,0,0
000357,22,50,16,116,113,117,006,0,0,0,0
000358,22,50,16,117,115,117,006,0,0,0,0
000359,22,50,16,116,114,118,006,0,0,0,0
000360,22,50,16,116,113,117,006,0,0,0,0
000361,22,50,16,116,113,117,006,0,0,0,0
000362,22,50,16,116,114,117,006,0,0,0,0
000363,22,50,16,116,113,118,006,0,0,0,0
000364,22,50,16,116,114,118,006,0,0,0,0
000365,22,50,16,116,113,119,006,0,0,0,0
000366,22,50,16,116,114,121,006,0,0,0,0
000367,22,50,16,116,113,118,006,0,0,0,0
000368,22,50,16,116,113,116,006,0,0,0,0
000369,22,50,16,116,113,116,006,0,0,0,0
000370,22,50,16,116,113,119,006,0,0,0,0
000371,22,50,16,116,113,118,006,0,0,0,0
000372,22,50,16,116,113,116,006,0,0,0,0
000373,22,50,16,116,113,117,006,0,0,0,0
000374,22,50,16,116,113,120,006,0,0,0,0
000375,22,50,16,116,113,118,006,0,0,0,0
000376,22,50,16,116,113,118,006,0,0,0,0
000377,22,50,16,116,113,119,006,0,0,0,0
000378,22,50,16,116,113,118,006,0,0,0,0
000379,22,50,16,117,113,117,006,0,0,0,0
000380,22,50,16,116,113,117,006,0,0,0,0
000381,22,50,16,116,113,116,006,0,0,0,0
000382,22,50,16,116,113,117,006,0,0,0,0
000383,22,50,16,116,113,116,006,0,0,0,0
000384,22,50,16,116,113,116,006,0,0,0,0
000385,22,50,16,116,113,116,006,0,0,0,0
000386,22,50,16,116,113,118,006,0,0,0,0
000387,22,50,16,116,113,117,006,0,0,0,0
000388,22,50,16,117,113,119,006,0,0,0,0
000389,22,50,16,116,113,119,006,0,0,0,0
000390,22,50,16,116,114,120,006,0,0,0,0
000391,22,50,16,116,113,118,006,0,0,0,0
000392,22,50,16,116,113,118,006,0,0,0,0
000393,22,50,16,118,113,119,006,0,0,0,0
000394,22,50,16,116,113,121,006,0,0,0,0
000395,22,50,16,116,113,121,006,0,0,0,0
000396,22,50,16,116,113,121,006,0,0,0,0
000397,22,50,16,119,114,121,006,0,0,0,0
000398,22,50,16,116,113,121,006,0,0,0,0
000399,22,50,16,116,113,119,006,0,0,0,0
updating time (100 readings since last time update)
000400,22,50,16,116,113,119,006,0,0,0,0
000401,22,50,16,118,113,119,006,0,0,0,0
000402,22,50,16,115,113,117,006,0,0,0,0
000403,22,50,16,115,113,117,006,0,0,0,0
000404,22,50,16,116,113,117,006,0,0,0,0
000405,22,50,16,116,113,118,006,0,0,0,0
000406,22,50,16,116,113,116,006,0,0,0,0
000407,22,50,16,116,113,116,006,0,0,0,0
000408,22,50,16,116,113,116,006,0,0,0,0
000409,22,50,16,124,114,118,006,0,0,0,0
000410,22,50,16,116,113,121,006,0,0,0,0
000411,22,50,16,116,115,116,006,0,0,0,0
000412,22,50,16,116,113,116,006,0,0,0,0
000413,22,50,16,116,113,120,006,0,0,0,0
000414,22,50,16,116,113,115,007,0,0,0,0
000415,22,50,16,115,113,118,006,0,0,0,0
000416,22,50,16,116,113,119,006,0,0,0,0
000417,22,50,16,115,113,121,006,0,0,0,0
000418,22,50,16,116,113,119,006,0,0,0,0
000419,22,50,16,116,113,119,006,0,0,0,0
000420,22,50,16,116,113,119,006,0,0,0,0
000421,22,50,16,116,113,116,006,0,0,0,0
000422,22,50,16,116,113,116,006,0,0,0,0
000423,22,50,16,116,113,117,006,0,0,0,0
000424,22,50,16,116,113,116,006,0,0,0,0
000425,22,50,16,116,113,117,006,0,0,0,0
000426,22,50,16,116,113,116,006,0,0,0,0
000427,22,50,16,116,113,116,006,0,0,0,0
000428,22,50,16,116,113,116,006,0,0,0,0
000429,22,50,16,116,113,116,006,0,0,0,0
000430,22,50,16,116,113,117,006,0,0,0,0
000431,22,50,16,116,113,117,006,0,0,0,0
000432,22,50,16,116,113,116,006,0,0,0,0
000433,22,50,16,116,113,117,006,0,0,0,0
000434,22,50,16,116,113,116,006,0,0,0,0
000435,22,50,16,116,113,117,006,0,0,0,0
000436,22,50,16,116,113,116,006,0,0,0,0
000437,22,50,16,116,113,116,006,0,0,0,0
000438,22,50,16,116,113,116,006,0,0,0,0
000439,22,50,16,116,113,116,006,0,0,0,0
000440,22,50,16,116,113,116,006,0,0,0,0
000441,22,50,16,116,113,116,007,0,0,0,0
000442,22,50,16,116,113,116,006,0,0,0,0
000443,22,50,16,116,113,118,006,0,0,0,0
000444,22,50,16,116,113,119,006,0,0,0,0
000445,22,50,16,116,113,119,006,0,0,0,0
000446,22,50,16,116,113,117,006,0,0,0,0
000447,22,50,16,116,113,116,006,0,0,0,0
000448,22,50,16,116,113,116,006,0,0,0,0
000449,22,50,16,116,113,116,006,0,0,0,0
000450,22,50,16,116,113,117,006,0,0,0,0
000451,22,50,16,116,113,118,006,0,0,0,0
000452,22,50,16,116,114,119,006,0,0,0,0
000453,22,50,16,117,114,120,006,0,0,0,0
000454,22,50,16,116,114,120,007,0,0,0,0
000455,22,50,16,116,113,119,006,0,0,0,0
000456,22,50,16,118,113,119,006,0,0,0,0
000457,22,50,16,116,113,119,006,0,0,0,0
000458,22,50,16,115,113,118,006,0,0,0,0
000459,22,50,16,115,113,117,006,0,0,0,0
000460,22,50,16,119,113,119,006,0,0,0,0
000461,22,50,16,116,113,119,006,0,0,0,0
000462,22,50,16,116,113,119,006,0,0,0,0
000463,22,50,16,116,113,119,006,0,0,0,0
000464,22,50,16,117,113,119,006,0,0,0,0
000465,22,50,16,116,113,119,006,0,0,0,0
000466,22,50,16,116,113,119,006,0,0,0,0
000467,22,50,16,116,113,119,006,0,0,0,0
000468,22,50,16,117,115,119,006,0,0,0,0
000469,22,50,16,117,114,120,006,0,0,0,0
000470,22,50,16,116,113,120,006,0,0,0,0
000471,22,50,16,117,113,119,006,0,0,0,0
000472,22,50,16,116,114,119,006,0,0,0,0
000473,22,50,16,116,113,121,006,0,0,0,0
000474,22,50,16,116,113,121,006,0,0,0,0
000475,22,50,16,116,113,120,006,0,0,0,0
000476,22,50,16,117,116,119,006,0,0,0,0
000477,22,50,16,116,113,116,006,0,0,0,0
000478,22,50,16,116,113,116,006,0,0,0,0
000479,22,50,16,116,113,116,006,0,0,0,0
000480,22,50,16,115,113,116,006,0,0,0,0
000481,22,50,16,116,113,118,006,0,0,0,0
000482,22,50,16,116,113,116,006,0,0,0,0
000483,22,50,16,116,114,118,006,0,0,0,0
000484,22,50,16,116,113,117,006,0,0,0,0
000485,22,50,16,116,114,121,006,0,0,0,0
000486,22,50,16,116,113,119,006,0,0,0,0
000487,22,50,16,116,113,120,006,0,0,0,0
000488,22,50,16,116,113,121,006,0,0,0,0
000489,22,50,16,116,113,119,006,0,0,0,0
000490,22,50,16,117,113,120,006,0,0,0,0
000491,22,50,16,117,113,121,006,0,0,0,0
000492,22,50,16,116,113,119,006,0,0,0,0
000493,22,50,16,116,113,117,006,0,0,0,0
000494,22,50,16,116,113,116,006,0,0,0,0
000495,22,50,16,118,114,118,006,0,0,0,0
000496,22,50,16,116,114,116,006,0,0,0,0
000497,22,50,16,116,113,119,006,0,0,0,0
000498,22,50,16,116,113,119,006,0,0,0,0
000499,22,50,16,117,113,119,006,0,0,0,0
updating time (100 readings since last time update)
000500,22,50,17,116,113,119,006,0,0,0,0
000501,22,50,17,116,113,119,006,0,0,0,0
000502,22,50,17,116,113,117,006,0,0,0,0
000503,22,50,17,117,113,116,006,0,0,0,0
000504,22,50,17,116,113,116,006,0,0,0,0
000505,22,50,17,116,113,119,006,0,0,0,0
000506,22,50,17,116,113,119,006,0,0,0,0
000507,22,50,17,117,116,119,006,0,0,0,0
000508,22,50,17,116,113,119,006,0,0,0,0
000509,22,50,17,116,113,118,006,0,0,0,0
000510,22,50,17,116,113,117,006,0,0,0,0
000511,22,50,17,116,113,117,006,0,0,0,0
000512,22,50,17,116,113,116,006,0,0,0,0
000513,22,50,17,116,114,116,006,0,0,0,0
000514,22,50,17,116,113,116,006,0,0,0,0
000515,22,50,17,117,115,119,006,0,0,0,0
000516,22,50,17,116,114,117,006,0,0,0,0
000517,22,50,17,116,113,118,007,0,0,0,0
000518,22,50,17,116,113,116,006,0,0,0,0
000519,22,50,17,116,113,116,006,0,0,0,0
000520,22,50,17,116,113,116,006,0,0,0,0
000521,22,50,17,116,113,118,006,0,0,0,0
000522,22,50,17,116,113,119,006,0,0,0,0
000523,22,50,17,116,113,120,006,0,0,0,0
000524,22,50,17,116,114,120,007,0,0,0,0
000525,22,50,17,117,114,121,006,0,0,0,0
000526,22,50,17,116,114,120,006,0,0,0,0
000527,22,50,17,116,113,121,006,0,0,0,0
000528,22,50,17,116,113,118,006,0,0,0,0
000529,22,50,17,116,113,116,006,0,0,0,0
000530,22,50,17,118,113,116,006,0,0,0,0
000531,22,50,17,116,113,118,006,0,0,0,0
000532,22,50,17,116,113,117,006,0,0,0,0
000533,22,50,17,116,113,116,006,0,0,0,0
000534,22,50,17,116,113,118,006,0,0,0,0
000535,22,50,17,116,113,117,007,0,0,0,0
000536,22,50,17,116,113,117,006,0,0,0,0
000537,22,50,17,116,113,117,006,0,0,0,0
000538,22,50,17,116,113,116,006,0,0,0,0
000539,22,50,17,116,113,118,006,0,0,0,0
000540,22,50,17,116,113,118,006,0,0,0,0
000541,22,50,17,116,113,117,006,0,0,0,0
000542,22,50,17,118,113,118,006,0,0,0,0
000543,22,50,17,116,113,116,006,0,0,0,0
000544,22,50,17,116,113,116,006,0,0,0,0
000545,22,50,17,116,113,116,006,0,0,0,0
000546,22,50,17,117,113,116,006,0,0,0,0
000547,22,50,17,116,113,119,006,0,0,0,0
000548,22,50,17,116,113,117,006,0,0,0,0
000549,22,50,17,116,113,120,006,0,0,0,0
000550,22,50,17,116,113,121,006,0,0,0,0
000551,22,50,17,116,113,121,006,0,0,0,0
000552,22,50,17,116,113,120,006,0,0,0,0
000553,22,50,17,116,113,121,006,0,0,0,0
000554,22,50,17,116,113,121,006,0,0,0,0
000555,22,50,17,116,113,119,006,0,0,0,0
000556,22,50,17,116,113,118,006,0,0,0,0
000557,22,50,17,116,113,117,006,0,0,0,0
000558,22,50,17,116,114,119,006,0,0,0,0
000559,22,50,17,116,113,116,006,0,0,0,0
000560,22,50,17,116,113,116,006,0,0,0,0
000561,22,50,17,116,113,116,006,0,0,0,0
000562,22,50,17,118,113,116,006,0,0,0,0
000563,22,50,17,116,113,116,006,0,0,0,0
000564,22,50,17,116,113,116,006,0,0,0,0
000565,22,50,17,116,113,116,006,0,0,0,0
000566,22,50,17,117,113,117,006,0,0,0,0
000567,22,50,17,116,113,118,006,0,0,0,0
000568,22,50,17,116,114,118,006,0,0,0,0
000569,22,50,17,116,114,119,006,0,0,0,0
000570,22,50,17,117,117,119,006,0,0,0,0
000571,22,50,17,116,114,119,006,0,0,0,0
000572,22,50,17,116,113,119,006,0,0,0,0
000573,22,50,17,116,114,119,006,0,0,0,0
000574,22,50,17,116,114,119,006,0,0,0,0
000575,22,50,17,116,114,118,006,0,0,0,0
000576,22,50,17,116,114,117,006,0,0,0,0
000577,22,50,17,118,114,116,006,0,0,0,0
000578,22,50,17,116,113,118,006,0,0,0,0
000579,22,50,17,116,113,118,006,0,0,0,0
000580,22,50,17,116,113,117,006,0,0,0,0
000581,22,50,17,116,114,118,006,0,0,0,0
000582,22,50,17,116,113,121,006,0,0,0,0
000583,22,50,17,116,113,117,006,0,0,0,0
000584,22,50,17,116,113,118,006,0,0,0,0
000585,22,50,17,117,116,117,006,0,0,0,0
000586,22,50,17,116,114,118,007,0,0,0,0
000587,22,50,17,116,113,116,006,0,0,0,0
000588,22,50,17,116,113,116,006,0,0,0,0
000589,22,50,17,116,113,116,006,0,0,0,0
000590,22,50,17,116,113,117,006,0,0,0,0
000591,22,50,17,116,113,116,006,0,0,0,0
000592,22,50,17,116,113,117,006,0,0,0,0
000593,22,50,17,118,113,119,007,0,0,0,0
000594,22,50,17,116,113,118,006,0,0,0,0
000595,22,50,17,116,113,119,006,0,0,0,0
000596,22,50,17,116,113,119,006,0,0,0,0
000597,22,50,17,116,113,117,006,0,0,0,0
000598,22,50,17,116,113,118,006,0,0,0,0
000599,22,50,17,116,113,117,006,0,0,0,0
updating time (100 readings since last time update)
000600,22,50,17,116,113,116,006,0,0,0,0
000601,22,50,17,116,113,116,006,0,0,0,0
000602,22,50,17,116,113,116,006,0,0,0,0
000603,22,50,17,116,114,119,006,0,0,0,0
000604,22,50,17,116,113,119,006,0,0,0,0
000605,22,50,17,118,113,119,006,0,0,0,0
000606,22,50,17,116,113,120,006,0,0,0,0
000607,22,50,17,116,113,119,006,0,0,0,0
000608,22,50,17,116,114,119,006,0,0,0,0
000609,22,50,17,116,113,117,006,0,0,0,0
000610,22,50,17,115,113,118,006,0,0,0,0
000611,22,50,17,115,113,117,006,0,0,0,0
000612,22,50,17,116,113,116,006,0,0,0,0
000613,22,50,17,116,113,116,006,0,0,0,0
000614,22,50,17,115,113,116,006,0,0,0,0
000615,22,50,17,116,113,116,006,0,0,0,0
000616,22,50,17,116,113,116,006,0,0,0,0
000617,22,50,17,116,113,116,006,0,0,0,0
000618,22,50,17,116,113,117,006,0,0,0,0
000619,22,50,17,117,113,119,006,0,0,0,0
000620,22,50,17,116,113,119,006,0,0,0,0
000621,22,50,17,117,114,119,006,0,0,0,0
000622,22,50,17,116,113,119,006,0,0,0,0
000623,22,50,17,116,113,121,006,0,0,0,0
000624,22,50,17,116,114,119,006,0,0,0,0
000625,22,50,17,117,113,118,006,0,0,0,0
000626,22,50,17,116,113,116,006,0,0,0,0
000627,22,50,17,116,113,116,006,0,0,0,0
000628,22,50,17,116,113,116,006,0,0,0,0
000629,22,50,17,118,113,116,006,0,0,0,0
000630,22,50,17,116,113,118,007,0,0,0,0
000631,22,50,17,116,113,117,006,0,0,0,0
000632,22,50,17,116,113,118,006,0,0,0,0
000633,22,50,17,117,124,118,006,0,0,0,0
000634,22,50,17,116,113,119,006,0,0,0,0
000635,22,50,17,116,113,118,006,0,0,0,0
000636,22,50,17,116,113,118,006,0,0,0,0
000637,22,50,17,116,114,117,006,0,0,0,0
000638,22,50,17,116,113,116,006,0,0,0,0
000639,22,50,17,116,113,116,006,0,0,0,0
000640,22,50,17,116,113,117,006,0,0,0,0
000641,22,50,17,116,114,119,006,0,0,0,0
000642,22,50,17,116,113,117,006,0,0,0,0
000643,22,50,17,116,113,117,006,0,0,0,0
000644,22,50,17,116,114,118,006,0,0,0,0
000645,22,50,17,116,114,123,006,0,0,0,0
000646,22,50,17,116,113,119,006,0,0,0,0
000647,22,50,17,116,113,116,006,0,0,0,0
000648,22,50,17,116,113,116,006,0,0,0,0
000649,22,50,17,116,113,119,006,0,0,0,0
000650,22,50,17,116,113,116,006,0,0,0,0
000651,22,50,17,116,113,117,006,0,0,0,0
000652,22,50,17,116,113,118,006,0,0,0,0
000653,22,50,17,117,114,120,006,0,0,0,0
000654,22,50,17,116,113,117,006,0,0,0,0
000655,22,50,17,116,113,117,006,0,0,0,0
000656,22,50,17,116,113,118,006,0,0,0,0
000657,22,50,17,116,113,118,009,0,0,0,0
000658,22,50,17,117,113,117,006,0,0,0,0
000659,22,50,17,116,113,119,006,0,0,0,0
000660,22,50,17,116,113,117,006,0,0,0,0
000661,22,50,17,116,113,120,006,0,0,0,0
000662,22,50,17,116,113,119,006,0,0,0,0
000663,22,50,17,116,113,117,006,0,0,0,0
000664,22,50,17,116,113,119,006,0,0,0,0
000665,22,50,17,116,113,119,006,0,0,0,0
000666,22,50,17,116,113,119,006,0,0,0,0
000667,22,50,17,116,113,119,006,0,0,0,0
000668,22,50,17,116,113,119,006,0,0,0,0
000669,22,50,17,116,113,119,006,0,0,0,0
000670,22,50,17,116,113,119,006,0,0,0,0
000671,22,50,17,116,113,119,006,0,0,0,0
000672,22,50,17,118,113,119,006,0,0,0,0
000673,22,50,17,116,113,117,006,0,0,0,0
000674,22,50,17,116,113,117,006,0,0,0,0
000675,22,50,17,116,113,118,006,0,0,0,0
000676,22,50,17,119,113,118,006,0,0,0,0
000677,22,50,17,116,114,117,006,0,0,0,0
000678,22,50,17,116,113,117,006,0,0,0,0
000679,22,50,17,116,114,119,006,0,0,0,0
000680,22,50,17,118,114,119,006,0,0,0,0
000681,22,50,17,116,114,119,006,0,0,0,0
000682,22,50,17,116,114,119,006,0,0,0,0
000683,22,50,17,116,113,119,006,0,0,0,0
000684,22,50,17,117,122,119,006,0,0,0,0
000685,22,50,17,116,113,118,006,0,0,0,0
000686,22,50,17,116,113,117,006,0,0,0,0
000687,22,50,17,118,114,119,006,0,0,0,0
000688,22,50,17,117,113,119,007,0,0,0,0
000689,22,50,17,116,113,119,006,0,0,0,0
000690,22,50,17,116,113,119,006,0,0,0,0
000691,22,50,17,116,113,118,006,0,0,0,0
000692,22,50,17,116,113,117,006,0,0,0,0
000693,22,50,17,116,114,118,006,0,0,0,0
000694,22,50,17,116,113,119,006,0,0,0,0
000695,22,50,17,116,113,119,006,0,0,0,0
000696,22,50,17,116,113,119,006,0,0,0,0
000697,22,50,17,116,113,121,006,0,0,0,0
000698,22,50,17,116,113,121,006,0,0,0,0
000699,22,50,17,116,114,119,006,0,0,0,0
updating time (100 readings since last time update)
000700,22,50,18,116,113,119,006,0,0,0,0
000701,22,50,18,116,113,119,006,0,0,0,0
000702,22,50,18,116,113,118,006,0,0,0,0
000703,22,50,18,116,113,116,006,0,0,0,0
000704,22,50,18,116,113,116,006,0,0,0,0
000705,22,50,18,116,113,116,006,0,0,0,0
000706,22,50,18,116,113,118,007,0,0,0,0
000707,22,50,18,116,113,118,006,0,0,0,0
000708,22,50,18,116,113,118,006,0,0,0,0
000709,22,50,18,118,113,117,006,0,0,0,0
000710,22,50,18,116,113,118,006,0,0,0,0
000711,22,50,18,117,113,119,006,0,0,0,0
000712,22,50,18,116,113,120,006,0,0,0,0
000713,22,50,18,117,113,119,006,0,0,0,0
000714,22,50,18,116,113,119,006,0,0,0,0
000715,22,50,18,116,113,117,006,0,0,0,0
000716,22,50,18,116,113,116,006,0,0,0,0
000717,22,50,18,116,113,116,006,0,0,0,0
000718,22,50,18,116,113,116,006,0,0,0,0
000719,22,50,18,116,113,116,006,0,0,0,0
000720,22,50,18,116,113,116,006,0,0,0,0
000721,22,50,18,117,116,116,006,0,0,0,0
000722,22,50,18,116,113,116,006,0,0,0,0
000723,22,50,18,116,113,116,006,0,0,0,0
000724,22,50,18,116,113,116,006,0,0,0,0
000725,22,50,18,118,113,116,006,0,0,0,0
000726,22,50,18,116,113,116,006,0,0,0,0
000727,22,50,18,116,113,117,006,0,0,0,0
000728,22,50,18,116,113,117,006,0,0,0,0
000729,22,50,18,117,113,118,006,0,0,0,0
000730,22,50,18,115,113,116,006,0,0,0,0
000731,22,50,18,116,113,117,006,0,0,0,0
000732,22,50,18,116,114,119,006,0,0,0,0
000733,22,50,18,117,115,119,006,0,0,0,0
000734,22,50,18,116,113,117,006,0,0,0,0
000735,22,50,18,116,114,117,006,0,0,0,0
000736,22,50,18,116,113,117,006,0,0,0,0
000737,22,50,18,117,116,117,006,0,0,0,0
000738,22,50,18,116,114,117,006,0,0,0,0
000739,22,50,18,116,113,116,006,0,0,0,0
000740,22,50,18,116,114,118,006,0,0,0,0
000741,22,50,18,117,115,118,006,0,0,0,0
000742,22,50,18,116,113,117,006,0,0,0,0
000743,22,50,18,116,113,116,006,0,0,0,0
000744,22,50,18,116,114,116,006,0,0,0,0
000745,22,50,18,117,115,120,006,0,0,0,0
000746,22,50,18,116,113,119,006,0,0,0,0
000747,22,50,18,116,113,118,006,0,0,0,0
000748,22,50,18,117,113,119,006,0,0,0,0
000749,22,50,18,116,113,119,006,0,0,0,0
000750,22,50,18,116,113,119,006,0,0,0,0
000751,22,50,18,116,113,117,006,0,0,0,0
000752,22,50,18,116,113,116,006,0,0,0,0
000753,22,50,18,116,113,119,006,0,0,0,0
000754,22,50,18,116,113,118,006,0,0,0,0
000755,22,50,18,116,113,118,006,0,0,0,0
000756,22,50,18,116,113,119,006,0,0,0,0
000757,22,50,18,116,113,121,006,0,0,0,0
000758,22,50,18,116,113,121,006,0,0,0,0
000759,22,50,18,116,113,121,006,0,0,0,0
000760,22,50,18,117,115,119,006,0,0,0,0
000761,22,50,18,117,113,119,006,0,0,0,0
000762,22,50,18,116,113,119,006,0,0,0,0
000763,22,50,18,116,113,119,006,0,0,0,0
000764,22,50,18,116,114,117,006,0,0,0,0
000765,22,50,18,116,113,119,006,0,0,0,0
000766,22,50,18,116,113,119,006,0,0,0,0
000767,22,50,18,116,113,119,006,0,0,0,0
000768,22,50,18,117,116,118,006,0,0,0,0
000769,22,50,18,116,113,117,006,0,0,0,0
000770,22,50,18,116,113,118,006,0,0,0,0
000771,22,50,18,116,113,118,006,0,0,0,0
000772,22,50,18,116,113,121,006,0,0,0,0
000773,22,50,18,116,113,118,006,0,0,0,0
000774,22,50,18,116,113,118,006,0,0,0,0
000775,22,50,18,116,113,119,006,0,0,0,0
000776,22,50,18,117,114,118,006,0,0,0,0
000777,22,50,18,116,113,119,006,0,0,0,0
000778,22,50,18,116,114,119,006,0,0,0,0
000779,22,50,18,116,113,118,006,0,0,0,0
000780,22,50,18,117,119,130,006,0,0,0,0
000781,22,50,18,117,160,118,006,0,0,0,0
000782,22,50,18,116,113,119,006,0,0,0,0
000783,22,50,18,120,113,116,006,0,0,0,0
000784,22,50,18,116,113,117,006,0,0,0,0
000785,22,50,18,116,113,119,006,0,0,0,0
000786,22,50,18,116,113,116,006,0,0,0,0
000787,22,50,18,117,113,116,006,0,0,0,0
000788,22,50,18,115,113,116,006,0,0,0,0
000789,22,50,18,116,113,116,006,0,0,0,0
000790,22,50,18,116,113,116,006,0,0,0,0
000791,22,50,18,117,113,116,006,0,0,0,0
000792,22,50,18,116,113,116,006,0,0,0,0
000793,22,50,18,116,113,117,006,0,0,0,0
000794,22,50,18,116,113,118,006,0,0,0,0
000795,22,50,18,116,113,118,006,0,0,0,0
000796,22,50,18,147,113,119,006,0,0,0,0
000797,22,50,18,116,114,166,006,0,0,0,0
000798,22,50,18,116,113,117,006,0,0,0,0
000799,22,50,18,116,113,119,006,0,0,0,0
updating time (100 readings since last time update)
000800,22,50,18,116,113,116,006,0,0,0,0
000801,22,50,18,116,113,116,006,0,0,0,0
000802,22,50,18,116,113,116,006,0,0,0,0
000803,22,50,18,116,113,116,006,0,0,0,0
000804,22,50,18,116,113,116,006,0,0,0,0
000805,22,50,18,116,113,116,006,0,0,0,0
000806,22,50,18,116,113,116,006,0,0,0,0
000807,22,50,18,117,113,119,007,0,0,0,0
000808,22,50,18,117,114,121,006,0,0,0,0
000809,22,50,18,116,114,119,006,0,0,0,0
000810,22,50,18,116,114,119,006,0,0,0,0
000811,22,50,18,116,113,118,006,0,0,0,0
000812,22,50,18,116,116,116,006,0,0,0,0
000813,22,50,18,116,113,118,006,0,0,0,0
000814,22,50,18,116,113,117,006,0,0,0,0
000815,22,50,18,116,113,116,006,0,0,0,0
000816,22,50,18,116,114,117,006,0,0,0,0
000817,22,50,18,116,113,117,006,0,0,0,0
000818,22,50,18,116,113,117,006,0,0,0,0
000819,22,50,18,116,113,116,006,0,0,0,0
000820,22,50,18,116,113,118,006,0,0,0,0
000821,22,50,18,116,113,116,006,0,0,0,0
000822,22,50,18,116,113,118,006,0,0,0,0
000823,22,50,18,116,113,118,006,0,0,0,0
000824,22,50,18,116,113,117,006,0,0,0,0
000825,22,50,18,116,113,117,006,0,0,0,0
000826,22,50,18,116,113,116,006,0,0,0,0
000827,22,50,18,116,113,116,006,0,0,0,0
000828,22,50,18,117,116,116,006,0,0,0,0
000829,22,50,18,116,113,116,006,0,0,0,0
000830,22,50,18,116,113,117,006,0,0,0,0
000831,22,50,18,116,113,118,006,0,0,0,0
000832,22,50,18,117,115,119,006,0,0,0,0
000833,22,50,18,116,114,121,007,0,0,0,0
000834,22,50,18,116,114,121,006,0,0,0,0
000835,22,50,18,116,114,119,006,0,0,0,0
000836,22,50,18,116,114,120,006,0,0,0,0
000837,22,50,18,116,114,119,006,0,0,0,0
000838,22,50,18,116,114,118,006,0,0,0,0
000839,22,50,18,116,113,116,006,0,0,0,0
000840,22,50,18,116,114,116,006,0,0,0,0
000841,22,50,18,116,113,116,006,0,0,0,0
000842,22,50,18,116,113,116,006,0,0,0,0
000843,22,50,18,116,113,116,006,0,0,0,0
000844,22,50,18,117,114,119,006,0,0,0,0
000845,22,50,18,116,113,117,007,0,0,0,0
000846,22,50,18,116,114,118,006,0,0,0,0
000847,22,50,18,117,114,118,006,0,0,0,0
000848,22,50,18,116,113,118,006,0,0,0,0
000849,22,50,18,116,113,117,006,0,0,0,0
000850,22,50,18,116,113,116,006,0,0,0,0
000851,22,50,18,116,113,116,006,0,0,0,0
000852,22,50,18,116,113,116,006,0,0,0,0
000853,22,50,18,116,113,116,006,0,0,0,0
000854,22,50,18,116,113,117,006,0,0,0,0
000855,22,50,18,116,113,119,006,0,0,0,0
000856,22,50,18,116,114,119,006,0,0,0,0
000857,22,50,18,116,113,121,006,0,0,0,0
000858,22,50,18,116,113,116,006,0,0,0,0
000859,22,50,18,119,113,116,006,0,0,0,0
000860,22,50,18,116,113,116,006,0,0,0,0
000861,22,50,18,116,113,118,006,0,0,0,0
000862,22,50,18,116,113,116,006,0,0,0,0
000863,22,50,18,117,113,118,006,0,0,0,0
000864,22,50,18,116,114,118,006,0,0,0,0
000865,22,50,18,116,114,119,006,0,0,0,0
000866,22,50,18,116,114,121,006,0,0,0,0
000867,22,50,18,116,113,120,006,0,0,0,0
000868,22,50,18,116,113,121,006,0,0,0,0
000869,22,50,18,116,113,119,006,0,0,0,0
000870,22,50,18,116,113,119,006,0,0,0,0
000871,22,50,18,117,114,119,006,0,0,0,0
000872,22,50,18,116,113,119,006,0,0,0,0
000873,22,50,18,116,113,118,006,0,0,0,0
000874,22,50,18,116,113,116,006,0,0,0,0
000875,22,50,18,118,115,116,006,0,0,0,0
000876,22,50,18,116,113,116,007,0,0,0,0
000877,22,50,18,116,113,118,006,0,0,0,0
000878,22,50,18,116,113,117,006,0,0,0,0
000879,22,50,18,117,114,116,006,0,0,0,0
000880,22,50,18,116,113,119,006,0,0,0,0
000881,22,50,18,116,113,119,006,0,0,0,0
000882,22,50,18,116,113,119,006,0,0,0,0
000883,22,50,18,117,113,117,006,0,0,0,0
000884,22,50,18,116,113,118,006,0,0,0,0
000885,22,50,18,116,113,116,006,0,0,0,0
000886,22,50,18,116,113,116,006,0,0,0,0
000887,22,50,18,116,113,117,006,0,0,0,0
000888,22,50,18,116,113,116,006,0,0,0,0
000889,22,50,18,116,113,116,006,0,0,0,0
000890,22,50,18,116,113,116,006,0,0,0,0
000891,22,50,18,116,113,119,006,0,0,0,0
000892,22,50,18,116,113,117,006,0,0,0,0
000893,22,50,18,116,113,119,006,0,0,0,0
000894,22,50,18,116,114,117,006,0,0,0,0
000895,22,50,18,116,114,117,006,0,0,0,0
000896,22,50,18,116,114,119,006,0,0,0,0
000897,22,50,18,116,113,116,006,0,0,0,0
000898,22,50,18,116,113,118,006,0,0,0,0
000899,22,50,18,116,113,117,006,0,0,0,0
updating time (100 readings since last time update)
000900,22,50,18,116,113,117,006,0,0,0,0
000901,22,50,18,116,113,118,006,0,0,0,0
000902,22,50,18,116,113,118,006,0,0,0,0
000903,22,50,18,116,113,120,006,0,0,0,0
000904,22,50,18,116,113,119,006,0,0,0,0
000905,22,50,18,115,113,118,006,0,0,0,0
000906,22,50,18,115,113,118,006,0,0,0,0
000907,22,50,18,115,113,118,006,0,0,0,0
000908,22,50,18,116,113,116,006,0,0,0,0
000909,22,50,18,116,113,116,006,0,0,0,0
000910,22,50,18,116,113,119,006,0,0,0,0
000911,22,50,18,117,113,119,006,0,0,0,0
000912,22,50,18,116,113,119,006,0,0,0,0
000913,22,50,18,116,114,119,006,0,0,0,0
000914,22,50,18,117,115,119,006,0,0,0,0
000915,22,50,18,116,114,117,006,0,0,0,0
000916,22,50,18,116,114,117,006,0,0,0,0
000917,22,50,18,117,115,117,006,0,0,0,0
Logging stopped at Sun Mar 07 22:50:18 1999 
